Generated at 2018-09-10 09:52:35 +0000
Chef::Exceptions::RecipeNotFound: could not find recipe start for cookbook apache2
/opt/chefdk/embedded/lib/ruby/gems/2.3.0/gems/chef-12.16.42/lib/chef/cookbook_version.rb:222:in `load_recipe'
/opt/chefdk/embedded/lib/ruby/gems/2.3.0/gems/chef-12.16.42/lib/chef/run_context.rb:338:in `load_recipe'
/opt/chefdk/embedded/lib/ruby/gems/2.3.0/gems/chef-12.16.42/lib/chef/run_context/cookbook_compiler.rb:141:in `block in compile_recipes'
/opt/chefdk/embedded/lib/ruby/gems/2.3.0/gems/chef-12.16.42/lib/chef/run_context/cookbook_compiler.rb:138:in `each'
/opt/chefdk/embedded/lib/ruby/gems/2.3.0/gems/chef-12.16.42/lib/chef/run_context/cookbook_compiler.rb:138:in `compile_recipes'
/opt/chefdk/embedded/lib/ruby/gems/2.3.0/gems/chef-12.16.42/lib/chef/run_context/cookbook_compiler.rb:75:in `compile'
/opt/chefdk/embedded/lib/ruby/gems/2.3.0/gems/chef-12.16.42/lib/chef/run_context.rb:187:in `load'
/opt/chefdk/embedded/lib/ruby/gems/2.3.0/gems/chef-12.16.42/lib/chef/policy_builder/expand_node_object.rb:97:in `setup_run_context'
/opt/chefdk/embedded/lib/ruby/gems/2.3.0/gems/chef-12.16.42/lib/chef/client.rb:510:in `setup_run_context'
/opt/chefdk/embedded/lib/ruby/gems/2.3.0/gems/chef-12.16.42/lib/chef/client.rb:280:in `run'
/opt/chefdk/embedded/lib/ruby/gems/2.3.0/gems/chef-12.16.42/lib/chef/application.rb:294:in `block in fork_chef_client'
/opt/chefdk/embedded/lib/ruby/gems/2.3.0/gems/chef-12.16.42/lib/chef/application.rb:282:in `fork'
/opt/chefdk/embedded/lib/ruby/gems/2.3.0/gems/chef-12.16.42/lib/chef/application.rb:282:in `fork_chef_client'
/opt/chefdk/embedded/lib/ruby/gems/2.3.0/gems/chef-12.16.42/lib/chef/application.rb:247:in `block in run_chef_client'
/opt/chefdk/embedded/lib/ruby/gems/2.3.0/gems/chef-12.16.42/lib/chef/local_mode.rb:44:in `with_server_connectivity'
/opt/chefdk/embedded/lib/ruby/gems/2.3.0/gems/chef-12.16.42/lib/chef/application.rb:235:in `run_chef_client'
/opt/chefdk/embedded/lib/ruby/gems/2.3.0/gems/chef-12.16.42/lib/chef/application/client.rb:464:in `sleep_then_run_chef_client'
/opt/chefdk/embedded/lib/ruby/gems/2.3.0/gems/chef-12.16.42/lib/chef/application/client.rb:451:in `block in interval_run_chef_client'
/opt/chefdk/embedded/lib/ruby/gems/2.3.0/gems/chef-12.16.42/lib/chef/application/client.rb:450:in `loop'
/opt/chefdk/embedded/lib/ruby/gems/2.3.0/gems/chef-12.16.42/lib/chef/application/client.rb:450:in `interval_run_chef_client'
/opt/chefdk/embedded/lib/ruby/gems/2.3.0/gems/chef-12.16.42/lib/chef/application/client.rb:434:in `run_application'
/opt/chefdk/embedded/lib/ruby/gems/2.3.0/gems/chef-12.16.42/lib/chef/application.rb:59:in `run'
/opt/chefdk/embedded/lib/ruby/gems/2.3.0/gems/chef-12.16.42/bin/chef-client:26:in `<top (required)>'
/usr/bin/chef-client:58:in `load'
/usr/bin/chef-client:58:in `<main>'